<?xml version="1.0" encoding="UTF-8"?>
<coverage generated="1772203425668" clover="3.2.0">
  <project timestamp="1772203425668" name="All files">
    <metrics statements="97" coveredstatements="74" conditionals="44" coveredconditionals="31" methods="14" coveredmethods="8" elements="155" coveredelements="113" complexity="0" loc="97" ncloc="97" packages="4" files="9" classes="9"/>
    <package name="src">
      <metrics statements="32" coveredstatements="20" conditionals="18" coveredconditionals="13" methods="5" coveredmethods="4"/>
      <file name="app.controller.ts" path="/Users/antoniovargas/Developer/parking-system/src/app.controller.ts">
        <metrics statements="6" coveredstatements="6" conditionals="4" coveredconditionals="3" methods="2" coveredmethods="2"/>
        <line num="1" count="2" type="stmt"/>
        <line num="2" count="2" type="stmt"/>
        <line num="5" count="2" type="stmt"/>
        <line num="6" count="2" type="cond" truecount="3" falsecount="1"/>
        <line num="9" count="2" type="stmt"/>
        <line num="10" count="1" type="stmt"/>
      </file>
      <file name="app.module.ts" path="/Users/antoniovargas/Developer/parking-system/src/app.module.ts">
        <metrics statements="12" coveredstatements="11" conditionals="12" coveredconditionals="10" methods="1" coveredmethods="1"/>
        <line num="1" count="1" type="stmt"/>
        <line num="2" count="1" type="stmt"/>
        <line num="3" count="1" type="stmt"/>
        <line num="4" count="1" type="stmt"/>
        <line num="5" count="1" type="stmt"/>
        <line num="6" count="1" type="stmt"/>
        <line num="7" count="1" type="stmt"/>
        <line num="8" count="1" type="stmt"/>
        <line num="9" count="1" type="stmt"/>
        <line num="32" count="1" type="stmt"/>
        <line num="39" count="0" type="stmt"/>
        <line num="54" count="1" type="stmt"/>
      </file>
      <file name="app.service.ts" path="/Users/antoniovargas/Developer/parking-system/src/app.service.ts">
        <metrics statements="3" coveredstatements="3" conditionals="0" coveredconditionals="0" methods="1" coveredmethods="1"/>
        <line num="1" count="2" type="stmt"/>
        <line num="4" count="2" type="stmt"/>
        <line num="6" count="1" type="stmt"/>
      </file>
      <file name="main.ts" path="/Users/antoniovargas/Developer/parking-system/src/main.ts">
        <metrics statements="11" coveredstatements="0" conditionals="2" coveredconditionals="0" methods="1" coveredmethods="0"/>
        <line num="1" count="0" type="stmt"/>
        <line num="2" count="0" type="stmt"/>
        <line num="3" count="0" type="stmt"/>
        <line num="4" count="0" type="stmt"/>
        <line num="7" count="0" type="stmt"/>
        <line num="10" count="0" type="stmt"/>
        <line num="19" count="0" type="stmt"/>
        <line num="28" count="0" type="stmt"/>
        <line num="29" count="0" type="stmt"/>
        <line num="32" count="0" type="cond" truecount="0" falsecount="2"/>
        <line num="34" count="0" type="stmt"/>
      </file>
    </package>
    <package name="src.vehicles">
      <metrics statements="49" coveredstatements="38" conditionals="16" coveredconditionals="10" methods="8" coveredmethods="3"/>
      <file name="vehicles.controller.ts" path="/Users/antoniovargas/Developer/parking-system/src/vehicles/vehicles.controller.ts">
        <metrics statements="12" coveredstatements="9" conditionals="8" coveredconditionals="6" methods="4" coveredmethods="1"/>
        <line num="1" count="1" type="stmt"/>
        <line num="9" count="1" type="stmt"/>
        <line num="10" count="1" type="stmt"/>
        <line num="11" count="1" type="stmt"/>
        <line num="14" count="1" type="stmt"/>
        <line num="15" count="1" type="cond" truecount="3" falsecount="1"/>
        <line num="18" count="1" type="cond" truecount="3" falsecount="1"/>
        <line num="19" count="0" type="stmt"/>
        <line num="25" count="1" type="stmt"/>
        <line num="26" count="0" type="stmt"/>
        <line num="30" count="1" type="stmt"/>
        <line num="31" count="0" type="stmt"/>
      </file>
      <file name="vehicles.module.ts" path="/Users/antoniovargas/Developer/parking-system/src/vehicles/vehicles.module.ts">
        <metrics statements="6" coveredstatements="6" conditionals="0" coveredconditionals="0" methods="0" coveredmethods="0"/>
        <line num="1" count="1" type="stmt"/>
        <line num="2" count="1" type="stmt"/>
        <line num="3" count="1" type="stmt"/>
        <line num="4" count="1" type="stmt"/>
        <line num="5" count="1" type="stmt"/>
        <line num="13" count="1" type="stmt"/>
      </file>
      <file name="vehicles.service.ts" path="/Users/antoniovargas/Developer/parking-system/src/vehicles/vehicles.service.ts">
        <metrics statements="31" coveredstatements="23" conditionals="8" coveredconditionals="4" methods="4" coveredmethods="2"/>
        <line num="1" count="2" type="stmt"/>
        <line num="8" count="2" type="stmt"/>
        <line num="10" count="2" type="stmt"/>
        <line num="12" count="2" type="stmt"/>
        <line num="16" count="2" type="stmt"/>
        <line num="19" count="4" type="stmt"/>
        <line num="20" count="4" type="stmt"/>
        <line num="24" count="0" type="stmt"/>
        <line num="25" count="0" type="stmt"/>
        <line num="33" count="0" type="stmt"/>
        <line num="37" count="0" type="cond" truecount="0" falsecount="2"/>
        <line num="38" count="0" type="stmt"/>
        <line num="44" count="0" type="stmt"/>
        <line num="53" count="2" type="stmt"/>
        <line num="55" count="2" type="cond" truecount="2" falsecount="0"/>
        <line num="56" count="1" type="stmt"/>
        <line num="59" count="1" type="stmt"/>
        <line num="60" count="1" type="stmt"/>
        <line num="61" count="1" type="stmt"/>
        <line num="63" count="1" type="cond" truecount="1" falsecount="1"/>
        <line num="64" count="0" type="stmt"/>
        <line num="67" count="1" type="cond" truecount="1" falsecount="1"/>
        <line num="68" count="0" type="stmt"/>
        <line num="73" count="1" type="stmt"/>
        <line num="74" count="1" type="stmt"/>
        <line num="76" count="1" type="stmt"/>
        <line num="77" count="1" type="stmt"/>
        <line num="78" count="1" type="stmt"/>
        <line num="80" count="1" type="stmt"/>
        <line num="85" count="1" type="stmt"/>
        <line num="87" count="1" type="stmt"/>
      </file>
    </package>
    <package name="src.vehicles.dto">
      <metrics statements="8" coveredstatements="8" conditionals="2" coveredconditionals="2" methods="1" coveredmethods="1"/>
      <file name="create-vehicle.dto.ts" path="/Users/antoniovargas/Developer/parking-system/src/vehicles/dto/create-vehicle.dto.ts">
        <metrics statements="8" coveredstatements="8" conditionals="2" coveredconditionals="2" methods="1" coveredmethods="1"/>
        <line num="1" count="1" type="stmt"/>
        <line num="2" count="1" type="stmt"/>
        <line num="4" count="1" type="cond" truecount="2" falsecount="0"/>
        <line num="5" count="1" type="stmt"/>
        <line num="6" count="1" type="stmt"/>
        <line num="9" count="1" type="stmt"/>
        <line num="14" count="1" type="stmt"/>
        <line num="22" count="1" type="stmt"/>
      </file>
    </package>
    <package name="src.vehicles.models">
      <metrics statements="8" coveredstatements="8" conditionals="8" coveredconditionals="6" methods="0" coveredmethods="0"/>
      <file name="vehicle.entity.ts" path="/Users/antoniovargas/Developer/parking-system/src/vehicles/models/vehicle.entity.ts">
        <metrics statements="8" coveredstatements="8" conditionals="8" coveredconditionals="6" methods="0" coveredmethods="0"/>
        <line num="1" count="2" type="stmt"/>
        <line num="4" count="2" type="stmt"/>
        <line num="10" count="2" type="stmt"/>
        <line num="13" count="2" type="stmt"/>
        <line num="16" count="2" type="stmt"/>
        <line num="19" count="2" type="stmt"/>
        <line num="25" count="2" type="cond" truecount="3" falsecount="1"/>
        <line num="31" count="2" type="cond" truecount="3" falsecount="1"/>
      </file>
    </package>
  </project>
</coverage>
