{"/usr/src/app/src/app.controller.ts": {"path":"/usr/src/app/src/app.controller.ts","statementMap":{"0":{"start":{"line":1,"column":0},"end":{"line":1,"column":49}},"1":{"start":{"line":2,"column":0},"end":{"line":2,"column":43}},"2":{"start":{"line":5,"column":7},"end":{"line":12,"column":null}},"3":{"start":{"line":6,"column":31},"end":{"line":6,"column":43}},"4":{"start":{"line":10,"column":4},"end":{"line":10,"column":38}},"5":{"start":{"line":5,"column":13},"end":{"line":5,"column":26}},"6":{"start":{"line":9,"column":2},"end":{"line":11,"column":null}},"7":{"start":{"line":5,"column":13},"end":{"line":12,"column":null}}},"fnMap":{"0":{"name":"(anonymous_2)","decl":{"start":{"line":6,"column":2},"end":{"line":6,"column":31}},"loc":{"start":{"line":6,"column":53},"end":{"line":6,"column":57}}},"1":{"name":"(anonymous_3)","decl":{"start":{"line":9,"column":2},"end":{"line":9,"column":10}},"loc":{"start":{"line":9,"column":10},"end":{"line":11,"column":3}}}},"branchMap":{"0":{"loc":{"start":{"line":6,"column":43},"end":{"line":6,"column":56}},"type":"cond-expr","locations":[{"start":{"line":6,"column":53},"end":{"line":6,"column":56}},{"start":{"line":6,"column":53},"end":{"line":6,"column":56}}]},"1":{"loc":{"start":{"line":6,"column":43},"end":{"line":6,"column":53}},"type":"binary-expr","locations":[{"start":{"line":6,"column":43},"end":{"line":6,"column":56}},{"start":{"line":6,"column":43},"end":{"line":6,"column":53}}]}},"s":{"0":2,"1":2,"2":2,"3":2,"4":1,"5":2,"6":2,"7":2},"f":{"0":2,"1":1},"b":{"0":[2,0],"1":[2,2]}}
,"/usr/src/app/src/app.module.ts": {"path":"/usr/src/app/src/app.module.ts","statementMap":{"0":{"start":{"line":1,"column":0},"end":{"line":1,"column":40}},"1":{"start":{"line":2,"column":0},"end":{"line":2,"column":47}},"2":{"start":{"line":3,"column":0},"end":{"line":3,"column":49}},"3":{"start":{"line":4,"column":0},"end":{"line":4,"column":43}},"4":{"start":{"line":5,"column":0},"end":{"line":5,"column":52}},"5":{"start":{"line":6,"column":0},"end":{"line":6,"column":46}},"6":{"start":{"line":7,"column":0},"end":{"line":7,"column":60}},"7":{"start":{"line":8,"column":0},"end":{"line":8,"column":70}},"8":{"start":{"line":9,"column":0},"end":{"line":9,"column":53}},"9":{"start":{"line":54,"column":7},"end":{"line":54,"column":null}},"10":{"start":{"line":54,"column":13},"end":{"line":54,"column":22}},"11":{"start":{"line":54,"column":13},"end":{"line":54,"column":null}},"12":{"start":{"line":32,"column":22},"end":{"line":38,"column":10}},"13":{"start":{"line":39,"column":8},"end":{"line":39,"column":25}}},"fnMap":{"0":{"name":"(anonymous_1)","decl":{"start":{"line":31,"column":18},"end":{"line":31,"column":23}},"loc":{"start":{"line":31,"column":29},"end":{"line":40,"column":7}}}},"branchMap":{"0":{"loc":{"start":{"line":15,"column":19},"end":{"line":15,"column":73}},"type":"cond-expr","locations":[{"start":{"line":15,"column":53},"end":{"line":15,"column":64}},{"start":{"line":15,"column":67},"end":{"line":15,"column":73}}]},"1":{"loc":{"start":{"line":20,"column":12},"end":{"line":20,"column":39}},"type":"binary-expr","locations":[{"start":{"line":20,"column":12},"end":{"line":20,"column":31}},{"start":{"line":20,"column":35},"end":{"line":20,"column":39}}]},"2":{"loc":{"start":{"line":21,"column":12},"end":{"line":21,"column":70}},"type":"cond-expr","locations":[{"start":{"line":21,"column":34},"end":{"line":21,"column":63}},{"start":{"line":21,"column":66},"end":{"line":21,"column":70}}]},"3":{"loc":{"start":{"line":22,"column":16},"end":{"line":22,"column":53}},"type":"binary-expr","locations":[{"start":{"line":22,"column":16},"end":{"line":22,"column":35}},{"start":{"line":22,"column":39},"end":{"line":22,"column":53}}]},"4":{"loc":{"start":{"line":23,"column":16},"end":{"line":23,"column":57}},"type":"binary-expr","locations":[{"start":{"line":23,"column":16},"end":{"line":23,"column":39}},{"start":{"line":23,"column":43},"end":{"line":23,"column":57}}]},"5":{"loc":{"start":{"line":24,"column":16},"end":{"line":24,"column":51}},"type":"binary-expr","locations":[{"start":{"line":24,"column":16},"end":{"line":24,"column":35}},{"start":{"line":24,"column":39},"end":{"line":24,"column":51}}]}},"s":{"0":1,"1":1,"2":1,"3":1,"4":1,"5":1,"6":1,"7":1,"8":1,"9":1,"10":1,"11":1,"12":1,"13":1},"f":{"0":1},"b":{"0":[1,0],"1":[1,1],"2":[0,1],"3":[1,1],"4":[1,1],"5":[1,1]}}
,"/usr/src/app/src/app.service.ts": {"path":"/usr/src/app/src/app.service.ts","statementMap":{"0":{"start":{"line":1,"column":0},"end":{"line":1,"column":44}},"1":{"start":{"line":4,"column":7},"end":{"line":8,"column":null}},"2":{"start":{"line":6,"column":4},"end":{"line":6,"column":26}},"3":{"start":{"line":4,"column":13},"end":{"line":4,"column":23}},"4":{"start":{"line":4,"column":13},"end":{"line":8,"column":null}}},"fnMap":{"0":{"name":"(anonymous_1)","decl":{"start":{"line":5,"column":2},"end":{"line":5,"column":10}},"loc":{"start":{"line":5,"column":10},"end":{"line":7,"column":3}}}},"branchMap":{},"s":{"0":2,"1":2,"2":1,"3":2,"4":2},"f":{"0":1},"b":{}}
,"/usr/src/app/src/main.ts": {"path":"/usr/src/app/src/main.ts","statementMap":{"0":{"start":{"line":1,"column":0},"end":{"line":1,"column":43}},"1":{"start":{"line":2,"column":0},"end":{"line":2,"column":41}},"2":{"start":{"line":3,"column":0},"end":{"line":3,"column":48}},"3":{"start":{"line":4,"column":0},"end":{"line":4,"column":65}},"4":{"start":{"line":7,"column":14},"end":{"line":7,"column":49}},"5":{"start":{"line":10,"column":2},"end":{"line":16,"column":4}},"6":{"start":{"line":19,"column":17},"end":{"line":26,"column":12}},"7":{"start":{"line":28,"column":19},"end":{"line":28,"column":60}},"8":{"start":{"line":29,"column":2},"end":{"line":29,"column":44}},"9":{"start":{"line":32,"column":2},"end":{"line":32,"column":45}},"10":{"start":{"line":34,"column":0},"end":{"line":34,"column":17}}},"fnMap":{"0":{"name":"bootstrap","decl":{"start":{"line":6,"column":15},"end":{"line":6,"column":24}},"loc":{"start":{"line":6,"column":24},"end":{"line":33,"column":1}}}},"branchMap":{"0":{"loc":{"start":{"line":32,"column":19},"end":{"line":32,"column":43}},"type":"binary-expr","locations":[{"start":{"line":32,"column":19},"end":{"line":32,"column":35}},{"start":{"line":32,"column":39},"end":{"line":32,"column":43}}]}},"s":{"0":0,"1":0,"2":0,"3":0,"4":0,"5":0,"6":0,"7":0,"8":0,"9":0,"10":0},"f":{"0":0},"b":{"0":[0,0]}}
,"/usr/src/app/src/vehicles/vehicles.controller.ts": {"path":"/usr/src/app/src/vehicles/vehicles.controller.ts","statementMap":{"0":{"start":{"line":1,"column":0},"end":{"line":1,"column":null}},"1":{"start":{"line":9,"column":0},"end":{"line":9,"column":67}},"2":{"start":{"line":10,"column":0},"end":{"line":10,"column":53}},"3":{"start":{"line":11,"column":0},"end":{"line":11,"column":60}},"4":{"start":{"line":14,"column":7},"end":{"line":33,"column":null}},"5":{"start":{"line":15,"column":31},"end":{"line":15,"column":48}},"6":{"start":{"line":19,"column":4},"end":{"line":19,"column":64}},"7":{"start":{"line":26,"column":4},"end":{"line":26,"column":48}},"8":{"start":{"line":31,"column":4},"end":{"line":31,"column":49}},"9":{"start":{"line":14,"column":13},"end":{"line":14,"column":31}},"10":{"start":{"line":18,"column":2},"end":{"line":20,"column":null}},"11":{"start":{"line":25,"column":2},"end":{"line":27,"column":null}},"12":{"start":{"line":30,"column":2},"end":{"line":32,"column":null}},"13":{"start":{"line":14,"column":13},"end":{"line":33,"column":null}}},"fnMap":{"0":{"name":"(anonymous_4)","decl":{"start":{"line":15,"column":2},"end":{"line":15,"column":31}},"loc":{"start":{"line":15,"column":63},"end":{"line":15,"column":67}}},"1":{"name":"(anonymous_5)","decl":{"start":{"line":18,"column":2},"end":{"line":18,"column":8}},"loc":{"start":{"line":18,"column":51},"end":{"line":20,"column":3}}},"2":{"name":"(anonymous_6)","decl":{"start":{"line":25,"column":2},"end":{"line":25,"column":9}},"loc":{"start":{"line":25,"column":9},"end":{"line":27,"column":3}}},"3":{"name":"(anonymous_7)","decl":{"start":{"line":30,"column":2},"end":{"line":30,"column":6}},"loc":{"start":{"line":30,"column":30},"end":{"line":32,"column":3}}}},"branchMap":{"0":{"loc":{"start":{"line":18,"column":35},"end":{"line":18,"column":null}},"type":"cond-expr","locations":[{"start":{"line":18,"column":51},"end":{"line":18,"column":null}},{"start":{"line":18,"column":51},"end":{"line":18,"column":null}}]},"1":{"loc":{"start":{"line":18,"column":35},"end":{"line":18,"column":51}},"type":"binary-expr","locations":[{"start":{"line":18,"column":35},"end":{"line":18,"column":null}},{"start":{"line":18,"column":35},"end":{"line":18,"column":51}}]},"2":{"loc":{"start":{"line":15,"column":48},"end":{"line":15,"column":66}},"type":"cond-expr","locations":[{"start":{"line":15,"column":63},"end":{"line":15,"column":66}},{"start":{"line":15,"column":63},"end":{"line":15,"column":66}}]},"3":{"loc":{"start":{"line":15,"column":48},"end":{"line":15,"column":63}},"type":"binary-expr","locations":[{"start":{"line":15,"column":48},"end":{"line":15,"column":66}},{"start":{"line":15,"column":48},"end":{"line":15,"column":63}}]}},"s":{"0":1,"1":1,"2":1,"3":1,"4":1,"5":1,"6":0,"7":0,"8":0,"9":1,"10":1,"11":1,"12":1,"13":1},"f":{"0":1,"1":0,"2":0,"3":0},"b":{"0":[1,0],"1":[1,1],"2":[1,0],"3":[1,1]}}
,"/usr/src/app/src/vehicles/vehicles.module.ts": {"path":"/usr/src/app/src/vehicles/vehicles.module.ts","statementMap":{"0":{"start":{"line":1,"column":0},"end":{"line":1,"column":40}},"1":{"start":{"line":2,"column":0},"end":{"line":2,"column":52}},"2":{"start":{"line":3,"column":0},"end":{"line":3,"column":59}},"3":{"start":{"line":4,"column":0},"end":{"line":4,"column":53}},"4":{"start":{"line":5,"column":0},"end":{"line":5,"column":50}},"5":{"start":{"line":13,"column":7},"end":{"line":13,"column":null}},"6":{"start":{"line":13,"column":13},"end":{"line":13,"column":27}},"7":{"start":{"line":13,"column":13},"end":{"line":13,"column":null}}},"fnMap":{},"branchMap":{},"s":{"0":1,"1":1,"2":1,"3":1,"4":1,"5":1,"6":1,"7":1},"f":{},"b":{}}
,"/usr/src/app/src/vehicles/vehicles.service.ts": {"path":"/usr/src/app/src/vehicles/vehicles.service.ts","statementMap":{"0":{"start":{"line":1,"column":0},"end":{"line":1,"column":null}},"1":{"start":{"line":8,"column":0},"end":{"line":8,"column":48}},"2":{"start":{"line":10,"column":0},"end":{"line":10,"column":50}},"3":{"start":{"line":12,"column":0},"end":{"line":12,"column":54}},"4":{"start":{"line":16,"column":7},"end":{"line":96,"column":null}},"5":{"start":{"line":19,"column":12},"end":{"line":19,"column":40}},"6":{"start":{"line":20,"column":35},"end":{"line":20,"column":54}},"7":{"start":{"line":24,"column":4},"end":{"line":24,"column":64}},"8":{"start":{"line":25,"column":4},"end":{"line":28,"column":7}},"9":{"start":{"line":33,"column":26},"end":{"line":35,"column":6}},"10":{"start":{"line":37,"column":4},"end":{"line":41,"column":5}},"11":{"start":{"line":38,"column":6},"end":{"line":40,"column":8}},"12":{"start":{"line":44,"column":4},"end":{"line":49,"column":30}},"13":{"start":{"line":53,"column":20},"end":{"line":53,"column":56}},"14":{"start":{"line":55,"column":4},"end":{"line":57,"column":5}},"15":{"start":{"line":56,"column":6},"end":{"line":56,"column":60}},"16":{"start":{"line":59,"column":25},"end":{"line":59,"column":58}},"17":{"start":{"line":60,"column":22},"end":{"line":60,"column":52}},"18":{"start":{"line":61,"column":21},"end":{"line":61,"column":50}},"19":{"start":{"line":63,"column":4},"end":{"line":65,"column":5}},"20":{"start":{"line":64,"column":6},"end":{"line":64,"column":73}},"21":{"start":{"line":67,"column":4},"end":{"line":71,"column":5}},"22":{"start":{"line":68,"column":6},"end":{"line":70,"column":8}},"23":{"start":{"line":73,"column":21},"end":{"line":73,"column":31}},"24":{"start":{"line":74,"column":22},"end":{"line":74,"column":44}},"25":{"start":{"line":76,"column":21},"end":{"line":76,"column":61}},"26":{"start":{"line":77,"column":24},"end":{"line":77,"column":75}},"27":{"start":{"line":78,"column":22},"end":{"line":78,"column":37}},"28":{"start":{"line":80,"column":4},"end":{"line":83,"column":7}},"29":{"start":{"line":85,"column":4},"end":{"line":85,"column":49}},"30":{"start":{"line":87,"column":4},"end":{"line":94,"column":6}},"31":{"start":{"line":16,"column":13},"end":{"line":16,"column":28}},"32":{"start":{"line":16,"column":13},"end":{"line":96,"column":null}}},"fnMap":{"0":{"name":"(anonymous_4)","decl":{"start":{"line":17,"column":2},"end":{"line":17,"column":null}},"loc":{"start":{"line":20,"column":54},"end":{"line":21,"column":6}}},"1":{"name":"(anonymous_5)","decl":{"start":{"line":23,"column":2},"end":{"line":23,"column":7}},"loc":{"start":{"line":23,"column":21},"end":{"line":29,"column":3}}},"2":{"name":"(anonymous_6)","decl":{"start":{"line":31,"column":2},"end":{"line":31,"column":7}},"loc":{"start":{"line":31,"column":56},"end":{"line":50,"column":3}}},"3":{"name":"(anonymous_7)","decl":{"start":{"line":52,"column":2},"end":{"line":52,"column":7}},"loc":{"start":{"line":52,"column":31},"end":{"line":95,"column":3}}}},"branchMap":{"0":{"loc":{"start":{"line":37,"column":4},"end":{"line":41,"column":5}},"type":"if","locations":[{"start":{"line":37,"column":4},"end":{"line":41,"column":5}},{"start":{},"end":{}}]},"1":{"loc":{"start":{"line":55,"column":4},"end":{"line":57,"column":5}},"type":"if","locations":[{"start":{"line":55,"column":4},"end":{"line":57,"column":5}},{"start":{},"end":{}}]},"2":{"loc":{"start":{"line":63,"column":4},"end":{"line":65,"column":5}},"type":"if","locations":[{"start":{"line":63,"column":4},"end":{"line":65,"column":5}},{"start":{},"end":{}}]},"3":{"loc":{"start":{"line":67,"column":4},"end":{"line":71,"column":5}},"type":"if","locations":[{"start":{"line":67,"column":4},"end":{"line":71,"column":5}},{"start":{},"end":{}}]}},"s":{"0":2,"1":2,"2":2,"3":2,"4":2,"5":4,"6":4,"7":0,"8":0,"9":0,"10":0,"11":0,"12":0,"13":2,"14":2,"15":1,"16":1,"17":1,"18":1,"19":1,"20":0,"21":1,"22":0,"23":1,"24":1,"25":1,"26":1,"27":1,"28":1,"29":1,"30":1,"31":2,"32":2},"f":{"0":4,"1":0,"2":0,"3":2},"b":{"0":[0,0],"1":[1,1],"2":[0,1],"3":[0,1]}}
,"/usr/src/app/src/vehicles/dto/create-vehicle.dto.ts": {"path":"/usr/src/app/src/vehicles/dto/create-vehicle.dto.ts","statementMap":{"0":{"start":{"line":1,"column":0},"end":{"line":1,"column":46}},"1":{"start":{"line":2,"column":0},"end":{"line":2,"column":72}},"2":{"start":{"line":4,"column":0},"end":{"line":4,"column":null}},"3":{"start":{"line":5,"column":2},"end":{"line":5,"column":null}},"4":{"start":{"line":6,"column":2},"end":{"line":6,"column":null}},"5":{"start":{"line":9,"column":0},"end":{"line":9,"column":13}},"6":{"start":{"line":14,"column":2},"end":{"line":14,"column":null}},"7":{"start":{"line":22,"column":2},"end":{"line":22,"column":null}}},"fnMap":{"0":{"name":"(anonymous_2)","decl":{"start":{"line":4,"column":0},"end":{"line":4,"column":12}},"loc":{"start":{"line":4,"column":23},"end":{"line":7,"column":1}}}},"branchMap":{"0":{"loc":{"start":{"line":4,"column":12},"end":{"line":4,"column":null}},"type":"binary-expr","locations":[{"start":{"line":4,"column":12},"end":{"line":4,"column":23}},{"start":{"line":4,"column":23},"end":{"line":4,"column":null}}]}},"s":{"0":1,"1":1,"2":1,"3":1,"4":1,"5":1,"6":1,"7":1},"f":{"0":1},"b":{"0":[1,1]}}
,"/usr/src/app/src/vehicles/models/vehicle.entity.ts": {"path":"/usr/src/app/src/vehicles/models/vehicle.entity.ts","statementMap":{"0":{"start":{"line":1,"column":0},"end":{"line":1,"column":70}},"1":{"start":{"line":4,"column":7},"end":{"line":32,"column":null}},"2":{"start":{"line":4,"column":13},"end":{"line":4,"column":20}},"3":{"start":{"line":10,"column":10},"end":{"line":10,"column":null}},"4":{"start":{"line":13,"column":10},"end":{"line":13,"column":null}},"5":{"start":{"line":16,"column":2},"end":{"line":16,"column":16}},"6":{"start":{"line":19,"column":2},"end":{"line":19,"column":18}},"7":{"start":{"line":25,"column":2},"end":{"line":25,"column":null}},"8":{"start":{"line":31,"column":2},"end":{"line":31,"column":null}},"9":{"start":{"line":4,"column":13},"end":{"line":32,"column":null}}},"fnMap":{},"branchMap":{"0":{"loc":{"start":{"line":25,"column":13},"end":{"line":25,"column":18}},"type":"cond-expr","locations":[{"start":{"line":25,"column":17},"end":{"line":25,"column":18}},{"start":{"line":25,"column":17},"end":{"line":25,"column":18}}]},"1":{"loc":{"start":{"line":25,"column":13},"end":{"line":25,"column":17}},"type":"binary-expr","locations":[{"start":{"line":25,"column":13},"end":{"line":25,"column":18}},{"start":{"line":25,"column":13},"end":{"line":25,"column":17}}]},"2":{"loc":{"start":{"line":31,"column":12},"end":{"line":31,"column":17}},"type":"cond-expr","locations":[{"start":{"line":31,"column":16},"end":{"line":31,"column":17}},{"start":{"line":31,"column":16},"end":{"line":31,"column":17}}]},"3":{"loc":{"start":{"line":31,"column":12},"end":{"line":31,"column":16}},"type":"binary-expr","locations":[{"start":{"line":31,"column":12},"end":{"line":31,"column":17}},{"start":{"line":31,"column":12},"end":{"line":31,"column":16}}]}},"s":{"0":2,"1":2,"2":2,"3":2,"4":2,"5":2,"6":2,"7":2,"8":2,"9":2},"f":{},"b":{"0":[2,0],"1":[2,2],"2":[2,0],"3":[2,2]}}
}
