TN:
SF:src/app.controller.ts
FN:6,(anonymous_2)
FN:9,(anonymous_3)
FNF:2
FNH:2
FNDA:2,(anonymous_2)
FNDA:1,(anonymous_3)
DA:1,2
DA:2,2
DA:5,2
DA:6,2
DA:9,2
DA:10,1
LF:6
LH:6
BRDA:6,0,0,2
BRDA:6,0,1,0
BRDA:6,1,0,2
BRDA:6,1,1,2
BRF:4
BRH:3
end_of_record
TN:
SF:src/app.module.ts
FN:31,(anonymous_1)
FNF:1
FNH:1
FNDA:1,(anonymous_1)
DA:1,1
DA:2,1
DA:3,1
DA:4,1
DA:5,1
DA:6,1
DA:7,1
DA:8,1
DA:9,1
DA:32,1
DA:39,1
DA:54,1
LF:12
LH:12
BRDA:15,0,0,1
BRDA:15,0,1,0
BRDA:20,1,0,1
BRDA:20,1,1,1
BRDA:21,2,0,0
BRDA:21,2,1,1
BRDA:22,3,0,1
BRDA:22,3,1,1
BRDA:23,4,0,1
BRDA:23,4,1,1
BRDA:24,5,0,1
BRDA:24,5,1,1
BRF:12
BRH:10
end_of_record
TN:
SF:src/app.service.ts
FN:5,(anonymous_1)
FNF:1
FNH:1
FNDA:1,(anonymous_1)
DA:1,2
DA:4,2
DA:6,1
LF:3
LH:3
BRF:0
BRH:0
end_of_record
TN:
SF:src/main.ts
FN:6,bootstrap
FNF:1
FNH:0
FNDA:0,bootstrap
DA:1,0
DA:2,0
DA:3,0
DA:4,0
DA:7,0
DA:10,0
DA:19,0
DA:28,0
DA:29,0
DA:32,0
DA:34,0
LF:11
LH:0
BRDA:32,0,0,0
BRDA:32,0,1,0
BRF:2
BRH:0
end_of_record
TN:
SF:src/vehicles/vehicles.controller.ts
FN:15,(anonymous_4)
FN:18,(anonymous_5)
FN:25,(anonymous_6)
FN:30,(anonymous_7)
FNF:4
FNH:1
FNDA:1,(anonymous_4)
FNDA:0,(anonymous_5)
FNDA:0,(anonymous_6)
FNDA:0,(anonymous_7)
DA:1,1
DA:9,1
DA:10,1
DA:11,1
DA:14,1
DA:15,1
DA:18,1
DA:19,0
DA:25,1
DA:26,0
DA:30,1
DA:31,0
LF:12
LH:9
BRDA:18,0,0,1
BRDA:18,0,1,0
BRDA:18,1,0,1
BRDA:18,1,1,1
BRDA:15,2,0,1
BRDA:15,2,1,0
BRDA:15,3,0,1
BRDA:15,3,1,1
BRF:8
BRH:6
end_of_record
TN:
SF:src/vehicles/vehicles.module.ts
FNF:0
FNH:0
DA:1,1
DA:2,1
DA:3,1
DA:4,1
DA:5,1
DA:13,1
LF:6
LH:6
BRF:0
BRH:0
end_of_record
TN:
SF:src/vehicles/vehicles.service.ts
FN:17,(anonymous_4)
FN:23,(anonymous_5)
FN:31,(anonymous_6)
FN:52,(anonymous_7)
FNF:4
FNH:2
FNDA:4,(anonymous_4)
FNDA:0,(anonymous_5)
FNDA:0,(anonymous_6)
FNDA:2,(anonymous_7)
DA:1,2
DA:8,2
DA:10,2
DA:12,2
DA:16,2
DA:19,4
DA:20,4
DA:24,0
DA:25,0
DA:33,0
DA:37,0
DA:38,0
DA:44,0
DA:53,2
DA:55,2
DA:56,1
DA:59,1
DA:60,1
DA:61,1
DA:63,1
DA:64,0
DA:67,1
DA:68,0
DA:73,1
DA:74,1
DA:76,1
DA:77,1
DA:78,1
DA:80,1
DA:85,1
DA:87,1
LF:31
LH:23
BRDA:37,0,0,0
BRDA:37,0,1,0
BRDA:55,1,0,1
BRDA:55,1,1,1
BRDA:63,2,0,0
BRDA:63,2,1,1
BRDA:67,3,0,0
BRDA:67,3,1,1
BRF:8
BRH:4
end_of_record
TN:
SF:src/vehicles/dto/create-vehicle.dto.ts
FN:4,(anonymous_2)
FNF:1
FNH:1
FNDA:1,(anonymous_2)
DA:1,1
DA:2,1
DA:4,1
DA:5,1
DA:6,1
DA:9,1
DA:14,1
DA:22,1
LF:8
LH:8
BRDA:4,0,0,1
BRDA:4,0,1,1
BRF:2
BRH:2
end_of_record
TN:
SF:src/vehicles/models/vehicle.entity.ts
FNF:0
FNH:0
DA:1,2
DA:4,2
DA:10,2
DA:13,2
DA:16,2
DA:19,2
DA:25,2
DA:31,2
LF:8
LH:8
BRDA:25,0,0,2
BRDA:25,0,1,0
BRDA:25,1,0,2
BRDA:25,1,1,2
BRDA:31,2,0,2
BRDA:31,2,1,0
BRDA:31,3,0,2
BRDA:31,3,1,2
BRF:8
BRH:6
end_of_record
